<?xml version="1.0" encoding="UTF-8"?>
<!-- Generated by org.testng.reporters.JUnitReportReporter -->
<testsuite hostname="LAPTOP-ALLOTLPS" failures="0" tests="6" name="com.itlearn.testcases.LoginTest" time="16.586" errors="0" timestamp="2024-07-08T20:39:25 ICT" skipped="0">
  <testcase classname="com.itlearn.testcases.LoginTest" name="verifyLogin" time="2.515"/>
  <testcase classname="com.itlearn.testcases.LoginTest" name="verifyLogin" time="2.265"/>
  <testcase classname="com.itlearn.testcases.LoginTest" name="verifyLogin" time="2.202"/>
  <testcase classname="com.itlearn.testcases.LoginTest" name="verifyLogin" time="5.316"/>
  <testcase classname="com.itlearn.testcases.LoginTest" name="verifyLogin" time="2.167"/>
  <testcase classname="com.itlearn.testcases.LoginTest" name="verifyLogin" time="2.121"/>
</testsuite> <!-- com.itlearn.testcases.LoginTest -->
