<?xml version="1.0" encoding="UTF-8"?>
<!-- Generated by org.testng.reporters.JUnitReportReporter -->
<testsuite hostname="LAPTOP-ALLOTLPS" failures="0" tests="6" name="com.itlearn.testcases.LoginTest" time="39.936" errors="0" timestamp="2024-07-02T20:43:42 ICT" skipped="0">
  <testcase classname="com.itlearn.testcases.LoginTest" name="verifyLogin" time="13.520"/>
  <testcase classname="com.itlearn.testcases.LoginTest" name="verifyLogin" time="4.703"/>
  <testcase classname="com.itlearn.testcases.LoginTest" name="verifyLogin" time="4.229"/>
  <testcase classname="com.itlearn.testcases.LoginTest" name="verifyLogin" time="6.363"/>
  <testcase classname="com.itlearn.testcases.LoginTest" name="verifyLogin" time="5.172"/>
  <testcase classname="com.itlearn.testcases.LoginTest" name="verifyLogin" time="5.949"/>
</testsuite> <!-- com.itlearn.testcases.LoginTest -->
