<?xml version="1.0" encoding="UTF-8"?>
<!-- Generated by org.testng.reporters.JUnitReportReporter -->
<testsuite hostname="LAPTOP-ALLOTLPS" failures="0" tests="6" name="com.itlearn.testcases.LoginTest" time="15.841" errors="0" timestamp="2024-07-03T13:50:06 ICT" skipped="0">
  <testcase classname="com.itlearn.testcases.LoginTest" name="verifyLogin" time="2.218"/>
  <testcase classname="com.itlearn.testcases.LoginTest" name="verifyLogin" time="2.396"/>
  <testcase classname="com.itlearn.testcases.LoginTest" name="verifyLogin" time="2.174"/>
  <testcase classname="com.itlearn.testcases.LoginTest" name="verifyLogin" time="2.194"/>
  <testcase classname="com.itlearn.testcases.LoginTest" name="verifyLogin" time="2.139"/>
  <testcase classname="com.itlearn.testcases.LoginTest" name="verifyLogin" time="4.720"/>
</testsuite> <!-- com.itlearn.testcases.LoginTest -->
