<?xml version="1.0" encoding="UTF-8"?>
<!-- Generated by org.testng.reporters.JUnitReportReporter -->
<testsuite hostname="LAPTOP-ALLOTLPS" failures="0" tests="6" name="com.itlearn.testcases.LoginTest" time="16.261" errors="0" timestamp="2024-07-04T14:55:44 ICT" skipped="0">
  <testcase classname="com.itlearn.testcases.LoginTest" name="verifyLogin" time="2.216"/>
  <testcase classname="com.itlearn.testcases.LoginTest" name="verifyLogin" time="2.101"/>
  <testcase classname="com.itlearn.testcases.LoginTest" name="verifyLogin" time="2.019"/>
  <testcase classname="com.itlearn.testcases.LoginTest" name="verifyLogin" time="5.287"/>
  <testcase classname="com.itlearn.testcases.LoginTest" name="verifyLogin" time="2.025"/>
  <testcase classname="com.itlearn.testcases.LoginTest" name="verifyLogin" time="2.613"/>
</testsuite> <!-- com.itlearn.testcases.LoginTest -->
